\BOOKMARK [0][-]{chapter.1}{\376\377\000I\000n\000t\000r\000o\000d\000u\000c\000t\000i\000o\000n}{}% 1
\BOOKMARK [1][-]{section.1.1}{\376\377\000P\000r\000o\000j\000e\000c\000t\000\040\000s\000t\000a\000t\000e\000m\000e\000n\000t}{chapter.1}% 2
\BOOKMARK [1][-]{section.1.2}{\376\377\000M\000o\000S\000C\000o\000W}{chapter.1}% 3
\BOOKMARK [1][-]{section.1.3}{\376\377\000R\000e\000p\000o\000r\000t\000\040\000s\000t\000r\000u\000c\000t\000u\000r\000e}{chapter.1}% 4
\BOOKMARK [0][-]{chapter.2}{\376\377\000B\000a\000c\000k\000g\000r\000o\000u\000n\000d}{}% 5
\BOOKMARK [0][-]{chapter.3}{\376\377\000M\000e\000t\000h\000o\000d\000o\000l\000o\000g\000y}{}% 6
\BOOKMARK [1][-]{section.3.1}{\376\377\000E\000n\000v\000i\000r\000o\000n\000m\000e\000n\000t\000\040\000P\000r\000o\000t\000o\000t\000y\000p\000i\000n\000g}{chapter.3}% 7
\BOOKMARK [2][-]{subsection.3.1.1}{\376\377\000T\000i\000l\000e\000\040\000B\000a\000s\000e\000d}{section.3.1}% 8
\BOOKMARK [2][-]{subsection.3.1.2}{\376\377\000N\000a\000v\000-\000M\000e\000s\000h\000\040\000B\000a\000s\000e\000d}{section.3.1}% 9
\BOOKMARK [2][-]{subsection.3.1.3}{\376\377\000E\000n\000v\000i\000r\000o\000n\000m\000e\000n\000t\000\040\000P\000r\000o\000t\000o\000t\000y\000p\000i\000n\000g\000\040\000C\000o\000n\000c\000l\000u\000s\000i\000o\000n}{section.3.1}% 10
\BOOKMARK [1][-]{section.3.2}{\376\377\000S\000t\000a\000t\000e\000\040\000M\000a\000c\000h\000i\000n\000e}{chapter.3}% 11
\BOOKMARK [0][-]{chapter.4}{\376\377\000I\000m\000p\000l\000e\000m\000e\000n\000t\000a\000t\000i\000o\000n}{}% 12
\BOOKMARK [1][-]{section.4.1}{\376\377\000S\000t\000a\000t\000e\000\040\000M\000a\000c\000h\000i\000n\000e\000s}{chapter.4}% 13
\BOOKMARK [1][-]{section.4.2}{\376\377\000D\000e\000t\000e\000c\000t\000i\000o\000n\000\040\000s\000c\000r\000i\000p\000t}{chapter.4}% 14
\BOOKMARK [1][-]{section.4.3}{\376\377\000I\000d\000l\000e}{chapter.4}% 15
\BOOKMARK [1][-]{section.4.4}{\376\377\000D\000r\000i\000n\000k}{chapter.4}% 16
\BOOKMARK [1][-]{section.4.5}{\376\377\000R\000e\000p\000r\000o\000d\000u\000c\000e}{chapter.4}% 17
\BOOKMARK [1][-]{section.4.6}{\376\377\000F\000e\000e\000d\000\040\000a\000n\000d\000\040\000H\000u\000n\000t}{chapter.4}% 18
\BOOKMARK [1][-]{section.4.7}{\376\377\000F\000l\000e\000e}{chapter.4}% 19
\BOOKMARK [0][-]{chapter.5}{\376\377\000T\000e\000s\000t\000i\000n\000g}{}% 20
\BOOKMARK [1][-]{section.5.1}{\376\377\000I\000d\000l\000e}{chapter.5}% 21
\BOOKMARK [1][-]{section.5.2}{\376\377\000D\000r\000i\000n\000k}{chapter.5}% 22
\BOOKMARK [1][-]{section.5.3}{\376\377\000R\000e\000p\000r\000o\000d\000u\000c\000e}{chapter.5}% 23
\BOOKMARK [1][-]{section.5.4}{\376\377\000F\000e\000e\000d}{chapter.5}% 24
\BOOKMARK [1][-]{section.5.5}{\376\377\000H\000u\000n\000t\000\040\000a\000n\000d\000\040\000F\000l\000e\000e}{chapter.5}% 25
\BOOKMARK [0][-]{chapter.6}{\376\377\000D\000i\000s\000c\000u\000s\000s\000i\000o\000n\000,\000\040\000c\000o\000n\000c\000l\000u\000s\000i\000o\000n\000\040\000a\000n\000d\000\040\000f\000u\000t\000u\000r\000e\000\040\000w\000o\000r\000k}{}% 26
